# JRE version: OpenJDK Runtime Environment Corretto-11.0.8.10.1 (11.0.8+10) (build 11.0.8+10-LTS)
# Java VM: OpenJDK 64-Bit Server VM Corretto-11.0.8.10.1 (11.0.8+10-LTS, mixed mode, tiered, compressed oops, g1 gc, windows-amd64)
Heap:
 garbage-first heap   total 129024K, used 51797K [0x0000000082800000, 0x0000000100000000)
  region size 1024K, 39 young (39936K), 4 survivors (4096K)
 Metaspace       used 34158K, capacity 34635K, committed 34688K, reserved 1081344K
  class space    used 3503K, capacity 3666K, committed 3712K, reserved 1048576K
GC Heap History (8 events):
Event: 2.146 GC heap before
{Heap before GC invocations=0 (full 0):
 garbage-first heap   total 129024K, used 27648K [0x0000000082800000, 0x0000000100000000)
  region size 1024K, 24 young (24576K), 0 survivors (0K)
 Metaspace       used 14528K, capacity 14787K, committed 14848K, reserved 1062912K
  class space    used 1438K, capacity 1525K, committed 1536K, reserved 1048576K
}
Event: 2.157 GC heap after
{Heap after GC invocations=1 (full 0):
 garbage-first heap   total 129024K, used 12976K [0x0000000082800000, 0x0000000100000000)
  region size 1024K, 3 young (3072K), 3 survivors (3072K)
 Metaspace       used 14528K, capacity 14787K, committed 14848K, reserved 1062912K
  class space    used 1438K, capacity 1525K, committed 1536K, reserved 1048576K
}
Event: 2.627 GC heap before
{Heap before GC invocations=1 (full 0):
 garbage-first heap   total 129024K, used 28336K [0x0000000082800000, 0x0000000100000000)
  region size 1024K, 18 young (18432K), 3 survivors (3072K)
 Metaspace       used 16959K, capacity 17259K, committed 17408K, reserved 1064960K
  class space    used 1687K, capacity 1775K, committed 1792K, reserved 1048576K
}
Event: 2.634 GC heap after
{Heap after GC invocations=2 (full 0):
 garbage-first heap   total 129024K, used 13832K [0x0000000082800000, 0x0000000100000000)
  region size 1024K, 1 young (1024K), 1 survivors (1024K)
 Metaspace       used 16959K, capacity 17259K, committed 17408K, reserved 1064960K
  class space    used 1687K, capacity 1775K, committed 1792K, reserved 1048576K
}
Event: 3.304 GC heap before
{Heap before GC invocations=2 (full 0):
 garbage-first heap   total 129024K, used 32264K [0x0000000082800000, 0x0000000100000000)
  region size 1024K, 20 young (20480K), 1 survivors (1024K)
 Metaspace       used 20752K, capacity 21087K, committed 21248K, reserved 1069056K
  class space    used 2086K, capacity 2197K, committed 2304K, reserved 1048576K
}
Event: 3.307 GC heap after
{Heap after GC invocations=3 (full 0):
 garbage-first heap   total 129024K, used 14225K [0x0000000082800000, 0x0000000100000000)
  region size 1024K, 2 young (2048K), 2 survivors (2048K)
 Metaspace       used 20752K, capacity 21087K, committed 21248K, reserved 1069056K
  class space    used 2086K, capacity 2197K, committed 2304K, reserved 1048576K
}
Event: 4.918 GC heap before
{Heap before GC invocations=4 (full 0):
 garbage-first heap   total 129024K, used 60305K [0x0000000082800000, 0x0000000100000000)
  region size 1024K, 48 young (49152K), 2 survivors (2048K)
 Metaspace       used 27509K, capacity 27852K, committed 28160K, reserved 1075200K
  class space    used 2828K, capacity 2966K, committed 3072K, reserved 1048576K
}
Event: 4.926 GC heap after
{Heap after GC invocations=5 (full 0):
 garbage-first heap   total 129024K, used 16981K [0x0000000082800000, 0x0000000100000000)
  region size 1024K, 4 young (4096K), 4 survivors (4096K)
 Metaspace       used 27509K, capacity 27852K, committed 28160K, reserved 1075200K
  class space    used 2828K, capacity 2966K, committed 3072K, reserved 1048576K
}

